# JRE version: OpenJDK Runtime Environment Temurin-17.0.6+10 (17.0.6+10) (build 17.0.6+10)
# Java VM: OpenJDK 64-Bit Server VM Temurin-17.0.6+10 (17.0.6+10, mixed mode, sharing, tiered, compressed oops, compressed class ptrs, g1 gc, bsd-amd64)
GC Precious Log:
 CPUs: 4 total, 4 available
 Memory: 16384M
 Large Page Support: Disabled
 NUMA Support: Disabled
 Compressed Oops: Enabled (Zero based)
 Heap Region Size: 1M
 Heap Min Capacity: 8M
 Heap Initial Capacity: 256M
 Heap Max Capacity: 1536M
 Pre-touch: Disabled
 Parallel Workers: 4
 Concurrent Workers: 1
 Concurrent Refinement Workers: 4
 Periodic GC: Disabled
Heap:
 garbage-first heap   total 81920K, used 54228K [0x00000007a0000000, 0x0000000800000000)
  region size 1024K, 12 young (12288K), 4 survivors (4096K)
 Metaspace       used 40333K, committed 40832K, reserved 1089536K
  class space    used 5628K, committed 5888K, reserved 1048576K
GC Heap History (20 events):
Event: 9.219 GC heap before
{Heap before GC invocations=2 (full 0):
 garbage-first heap   total 264192K, used 34615K [0x00000007a0000000, 0x0000000800000000)
  region size 1024K, 27 young (27648K), 3 survivors (3072K)
 Metaspace       used 5686K, committed 5888K, reserved 1056768K
  class space    used 784K, committed 896K, reserved 1048576K
}
Event: 9.236 GC heap after
{Heap after GC invocations=3 (full 0):
 garbage-first heap   total 264192K, used 15452K [0x00000007a0000000, 0x0000000800000000)
  region size 1024K, 4 young (4096K), 4 survivors (4096K)
 Metaspace       used 5686K, committed 5888K, reserved 1056768K
  class space    used 784K, committed 896K, reserved 1048576K
}
Event: 27.188 GC heap before
{Heap before GC invocations=3 (full 0):
 garbage-first heap   total 264192K, used 102492K [0x00000007a0000000, 0x0000000800000000)
  region size 1024K, 90 young (92160K), 4 survivors (4096K)
 Metaspace       used 21231K, committed 21504K, reserved 1073152K
  class space    used 3223K, committed 3392K, reserved 1048576K
}
Event: 27.223 GC heap after
{Heap after GC invocations=4 (full 0):
 garbage-first heap   total 264192K, used 20818K [0x00000007a0000000, 0x0000000800000000)
  region size 1024K, 10 young (10240K), 10 survivors (10240K)
 Metaspace       used 21231K, committed 21504K, reserved 1073152K
  class space    used 3223K, committed 3392K, reserved 1048576K
}
Event: 39.268 GC heap before
{Heap before GC invocations=5 (full 0):
 garbage-first heap   total 81920K, used 58706K [0x00000007a0000000, 0x0000000800000000)
  region size 1024K, 48 young (49152K), 10 survivors (10240K)
 Metaspace       used 29214K, committed 29632K, reserved 1081344K
  class space    used 4222K, committed 4416K, reserved 1048576K
}
Event: 39.292 GC heap after
{Heap after GC invocations=6 (full 0):
 garbage-first heap   total 81920K, used 25878K [0x00000007a0000000, 0x0000000800000000)
  region size 1024K, 5 young (5120K), 5 survivors (5120K)
 Metaspace       used 29214K, committed 29632K, reserved 1081344K
  class space    used 4222K, committed 4416K, reserved 1048576K
}
Event: 39.828 GC heap before
{Heap before GC invocations=6 (full 0):
 garbage-first heap   total 81920K, used 26902K [0x00000007a0000000, 0x0000000800000000)
  region size 1024K, 6 young (6144K), 5 survivors (5120K)
 Metaspace       used 29439K, committed 29824K, reserved 1081344K
  class space    used 4242K, committed 4416K, reserved 1048576K
}
Event: 39.840 GC heap after
{Heap after GC invocations=7 (full 0):
 garbage-first heap   total 81920K, used 25815K [0x00000007a0000000, 0x0000000800000000)
  region size 1024K, 1 young (1024K), 1 survivors (1024K)
 Metaspace       used 29439K, committed 29824K, reserved 1081344K
  class space    used 4242K, committed 4416K, reserved 1048576K
}
Event: 44.701 GC heap before
{Heap before GC invocations=7 (full 0):
 garbage-first heap   total 81920K, used 60631K [0x00000007a0000000, 0x0000000800000000)
  region size 1024K, 32 young (32768K), 1 survivors (1024K)
 Metaspace       used 31256K, committed 31552K, reserved 1081344K
  class space    used 4399K, committed 4544K, reserved 1048576K
}
Event: 44.718 GC heap after
{Heap after GC invocations=8 (full 0):
 garbage-first heap   total 81920K, used 28371K [0x00000007a0000000, 0x0000000800000000)
  region size 1024K, 4 young (4096K), 4 survivors (4096K)
 Metaspace       used 31256K, committed 31552K, reserved 1081344K
  class space    used 4399K, committed 4544K, reserved 1048576K
}
Event: 56.907 GC heap before
{Heap before GC invocations=8 (full 0):
 garbage-first heap   total 81920K, used 59091K [0x00000007a0000000, 0x0000000800000000)
  region size 1024K, 34 young (34816K), 4 survivors (4096K)
 Metaspace       used 33257K, committed 33664K, reserved 1081344K
  class space    used 4693K, committed 4864K, reserved 1048576K
}
Event: 56.914 GC heap after
{Heap after GC invocations=9 (full 0):
 garbage-first heap   total 81920K, used 31235K [0x00000007a0000000, 0x0000000800000000)
  region size 1024K, 3 young (3072K), 3 survivors (3072K)
 Metaspace       used 33257K, committed 33664K, reserved 1081344K
  class space    used 4693K, committed 4864K, reserved 1048576K
}
Event: 59.451 GC heap before
{Heap before GC invocations=9 (full 0):
 garbage-first heap   total 81920K, used 51715K [0x00000007a0000000, 0x0000000800000000)
  region size 1024K, 24 young (24576K), 3 survivors (3072K)
 Metaspace       used 35629K, committed 35968K, reserved 1081344K
  class space    used 4978K, committed 5120K, reserved 1048576K
}
Event: 59.470 GC heap after
{Heap after GC invocations=10 (full 0):
 garbage-first heap   total 81920K, used 33238K [0x00000007a0000000, 0x0000000800000000)
  region size 1024K, 2 young (2048K), 2 survivors (2048K)
 Metaspace       used 35629K, committed 35968K, reserved 1081344K
  class space    used 4978K, committed 5120K, reserved 1048576K
}
Event: 65.803 GC heap before
{Heap before GC invocations=11 (full 0):
 garbage-first heap   total 81920K, used 61910K [0x00000007a0000000, 0x0000000800000000)
  region size 1024K, 30 young (30720K), 2 survivors (2048K)
 Metaspace       used 38788K, committed 39232K, reserved 1089536K
  class space    used 5449K, committed 5696K, reserved 1048576K
}
Event: 65.818 GC heap after
{Heap after GC invocations=12 (full 0):
 garbage-first heap   total 81920K, used 34158K [0x00000007a0000000, 0x0000000800000000)
  region size 1024K, 3 young (3072K), 3 survivors (3072K)
 Metaspace       used 38788K, committed 39232K, reserved 1089536K
  class space    used 5449K, committed 5696K, reserved 1048576K
}
Event: 93.919 GC heap before
{Heap before GC invocations=12 (full 0):
 garbage-first heap   total 81920K, used 62830K [0x00000007a0000000, 0x0000000800000000)
  region size 1024K, 31 young (31744K), 3 survivors (3072K)
 Metaspace       used 39689K, committed 40192K, reserved 1089536K
  class space    used 5548K, committed 5760K, reserved 1048576K
}
Event: 93.924 GC heap after
{Heap after GC invocations=13 (full 0):
 garbage-first heap   total 81920K, used 35454K [0x00000007a0000000, 0x0000000800000000)
  region size 1024K, 3 young (3072K), 3 survivors (3072K)
 Metaspace       used 39689K, committed 40192K, reserved 1089536K
  class space    used 5548K, committed 5760K, reserved 1048576K
}
Event: 113.264 GC heap before
{Heap before GC invocations=13 (full 0):
 garbage-first heap   total 81920K, used 59006K [0x00000007a0000000, 0x0000000800000000)
  region size 1024K, 25 young (25600K), 3 survivors (3072K)
 Metaspace       used 40071K, committed 40576K, reserved 1089536K
  class space    used 5583K, committed 5824K, reserved 1048576K
}
Event: 113.269 GC heap after
{Heap after GC invocations=14 (full 0):
 garbage-first heap   total 81920K, used 41940K [0x00000007a0000000, 0x0000000800000000)
  region size 1024K, 4 young (4096K), 4 survivors (4096K)
 Metaspace       used 40071K, committed 40576K, reserved 1089536K
  class space    used 5583K, committed 5824K, reserved 1048576K
}

